<?xml version="1.0" encoding="UTF-8"?>
<!-- Generated by org.testng.reporters.JUnitXMLReporter -->
<testsuite ignored="0" hostname="Mds-MacBook-Pro.local" failures="0" tests="5" name="Default test" time="18.12" errors="0" timestamp="26 Jan 2025 16:36:04 GMT">
  <testcase classname="com.symlexvpn.qa.testcases.SymlexVPNEndUserLoginPageTest" name="loginTest" time="1.072"/>
  <testcase classname="com.symlexvpn.qa.testcases.SymlexVPNEndUserLoginPageTest" name="loginTest" time="2.079"/>
  <testcase classname="com.symlexvpn.qa.testcases.SymlexVPNEndUserLoginPageTest" name="loginTest" time="1.013"/>
  <testcase classname="com.symlexvpn.qa.testcases.SymlexVPNEndUserLoginPageTest" name="loginTest" time="0.962"/>
  <testcase classname="com.symlexvpn.qa.testcases.SymlexVPNEndUserLoginPageTest" name="loginTest" time="1.015"/>
</testsuite> <!-- Default test -->
