<?xml version="1.0" encoding="UTF-8"?>
<!-- Generated by org.testng.reporters.JUnitXMLReporter -->
<testsuite ignored="0" hostname="DESKTOP-83JQO3M" failures="0" tests="2" name="Default test" time="2.479" errors="0" timestamp="20 Oct 2024 18:42:51 GMT">
  <testcase classname="com.saucedemo.qa.testcases.SauceDemoLoginPageTest" name="loginPageTitleTest" time="0.198"/>
  <testcase classname="com.saucedemo.qa.testcases.SauceDemoLoginPageTest" name="robotLogoImageTest" time="0.115"/>
</testsuite> <!-- Default test -->
