<?xml version="1.0" encoding="UTF-8"?>
<testng-results ignored="0" total="5" passed="5" failed="0" skipped="0">
  <reporter-output>
  </reporter-output>
  <suite started-at="2025-01-26T16:35:41Z" name="Default suite" finished-at="2025-01-26T16:35:59Z" duration-ms="18120">
    <groups>
    </groups>
    <test started-at="2025-01-26T16:35:41Z" name="Default test" finished-at="2025-01-26T16:35:59Z" duration-ms="18120">
      <class name="com.symlexvpn.qa.testcases.SymlexVPNEndUserLoginPageTest">
        <test-method is-config="true" signature="setUp()[pri:0, instance:com.symlexvpn.qa.testcases.SymlexVPNEndUserLoginPageTest@413f69cc]" started-at="2025-01-26T22:35:42Z" name="setUp" finished-at="2025-01-26T22:35:44Z" duration-ms="2598" status="PASS">
          <reporter-output>
          </reporter-output>
        </test-method> <!-- setUp -->
        <test-method signature="loginTest(java.lang.String, java.lang.String)[pri:3, instance:com.symlexvpn.qa.testcases.SymlexVPNEndUserLoginPageTest@413f69cc]" started-at="2025-01-26T22:35:44Z" name="loginTest" data-provider="getLoginTestData" finished-at="2025-01-26T22:35:45Z" duration-ms="1072" status="PASS">
          <params>
            <param index="0">
              <value>
                <![CDATA[standard_user]]>
              </value>
            </param>
            <param index="1">
              <value>
                <![CDATA[secret_sauce]]>
              </value>
            </param>
          </params>
          <reporter-output>
          </reporter-output>
        </test-method> <!-- loginTest -->
        <test-method is-config="true" signature="tearDown()[pri:0, instance:com.symlexvpn.qa.testcases.SymlexVPNEndUserLoginPageTest@413f69cc]" started-at="2025-01-26T22:35:45Z" name="tearDown" finished-at="2025-01-26T22:35:46Z" duration-ms="245" status="PASS">
          <reporter-output>
          </reporter-output>
        </test-method> <!-- tearDown -->
        <test-method is-config="true" signature="setUp()[pri:0, instance:com.symlexvpn.qa.testcases.SymlexVPNEndUserLoginPageTest@413f69cc]" started-at="2025-01-26T22:35:46Z" name="setUp" finished-at="2025-01-26T22:35:48Z" duration-ms="2089" status="PASS">
          <reporter-output>
          </reporter-output>
        </test-method> <!-- setUp -->
        <test-method signature="loginTest(java.lang.String, java.lang.String)[pri:3, instance:com.symlexvpn.qa.testcases.SymlexVPNEndUserLoginPageTest@413f69cc]" started-at="2025-01-26T22:35:48Z" name="loginTest" data-provider="getLoginTestData" finished-at="2025-01-26T22:35:50Z" duration-ms="2079" status="PASS">
          <params>
            <param index="0">
              <value>
                <![CDATA[locked_out_user]]>
              </value>
            </param>
            <param index="1">
              <value>
                <![CDATA[secret_sauce]]>
              </value>
            </param>
          </params>
          <reporter-output>
          </reporter-output>
        </test-method> <!-- loginTest -->
        <test-method is-config="true" signature="tearDown()[pri:0, instance:com.symlexvpn.qa.testcases.SymlexVPNEndUserLoginPageTest@413f69cc]" started-at="2025-01-26T22:35:50Z" name="tearDown" finished-at="2025-01-26T22:35:50Z" duration-ms="170" status="PASS">
          <reporter-output>
          </reporter-output>
        </test-method> <!-- tearDown -->
        <test-method is-config="true" signature="setUp()[pri:0, instance:com.symlexvpn.qa.testcases.SymlexVPNEndUserLoginPageTest@413f69cc]" started-at="2025-01-26T22:35:50Z" name="setUp" finished-at="2025-01-26T22:35:52Z" duration-ms="1974" status="PASS">
          <reporter-output>
          </reporter-output>
        </test-method> <!-- setUp -->
        <test-method signature="loginTest(java.lang.String, java.lang.String)[pri:3, instance:com.symlexvpn.qa.testcases.SymlexVPNEndUserLoginPageTest@413f69cc]" started-at="2025-01-26T22:35:52Z" name="loginTest" data-provider="getLoginTestData" finished-at="2025-01-26T22:35:53Z" duration-ms="1013" status="PASS">
          <params>
            <param index="0">
              <value>
                <![CDATA[problem_user]]>
              </value>
            </param>
            <param index="1">
              <value>
                <![CDATA[secret_sauce]]>
              </value>
            </param>
          </params>
          <reporter-output>
          </reporter-output>
        </test-method> <!-- loginTest -->
        <test-method is-config="true" signature="tearDown()[pri:0, instance:com.symlexvpn.qa.testcases.SymlexVPNEndUserLoginPageTest@413f69cc]" started-at="2025-01-26T22:35:53Z" name="tearDown" finished-at="2025-01-26T22:35:53Z" duration-ms="170" status="PASS">
          <reporter-output>
          </reporter-output>
        </test-method> <!-- tearDown -->
        <test-method is-config="true" signature="setUp()[pri:0, instance:com.symlexvpn.qa.testcases.SymlexVPNEndUserLoginPageTest@413f69cc]" started-at="2025-01-26T22:35:53Z" name="setUp" finished-at="2025-01-26T22:35:55Z" duration-ms="2003" status="PASS">
          <reporter-output>
          </reporter-output>
        </test-method> <!-- setUp -->
        <test-method signature="loginTest(java.lang.String, java.lang.String)[pri:3, instance:com.symlexvpn.qa.testcases.SymlexVPNEndUserLoginPageTest@413f69cc]" started-at="2025-01-26T22:35:55Z" name="loginTest" data-provider="getLoginTestData" finished-at="2025-01-26T22:35:56Z" duration-ms="962" status="PASS">
          <params>
            <param index="0">
              <value>
                <![CDATA[performance_glitch_user]]>
              </value>
            </param>
            <param index="1">
              <value>
                <![CDATA[secret_sauce]]>
              </value>
            </param>
          </params>
          <reporter-output>
          </reporter-output>
        </test-method> <!-- loginTest -->
        <test-method is-config="true" signature="tearDown()[pri:0, instance:com.symlexvpn.qa.testcases.SymlexVPNEndUserLoginPageTest@413f69cc]" started-at="2025-01-26T22:35:56Z" name="tearDown" finished-at="2025-01-26T22:35:56Z" duration-ms="171" status="PASS">
          <reporter-output>
          </reporter-output>
        </test-method> <!-- tearDown -->
        <test-method is-config="true" signature="setUp()[pri:0, instance:com.symlexvpn.qa.testcases.SymlexVPNEndUserLoginPageTest@413f69cc]" started-at="2025-01-26T22:35:56Z" name="setUp" finished-at="2025-01-26T22:35:58Z" duration-ms="1988" status="PASS">
          <reporter-output>
          </reporter-output>
        </test-method> <!-- setUp -->
        <test-method signature="loginTest(java.lang.String, java.lang.String)[pri:3, instance:com.symlexvpn.qa.testcases.SymlexVPNEndUserLoginPageTest@413f69cc]" started-at="2025-01-26T22:35:58Z" name="loginTest" data-provider="getLoginTestData" finished-at="2025-01-26T22:35:59Z" duration-ms="1015" status="PASS">
          <params>
            <param index="0">
              <value>
                <![CDATA[test]]>
              </value>
            </param>
            <param index="1">
              <value>
                <![CDATA[test]]>
              </value>
            </param>
          </params>
          <reporter-output>
          </reporter-output>
        </test-method> <!-- loginTest -->
        <test-method is-config="true" signature="tearDown()[pri:0, instance:com.symlexvpn.qa.testcases.SymlexVPNEndUserLoginPageTest@413f69cc]" started-at="2025-01-26T22:35:59Z" name="tearDown" finished-at="2025-01-26T22:35:59Z" duration-ms="162" status="PASS">
          <reporter-output>
          </reporter-output>
        </test-method> <!-- tearDown -->
      </class> <!-- com.symlexvpn.qa.testcases.SymlexVPNEndUserLoginPageTest -->
    </test> <!-- Default test -->
  </suite> <!-- Default suite -->
</testng-results>
