<?xml version="1.0" encoding="UTF-8"?>
<testng-results ignored="0" total="2" passed="2" failed="0" skipped="0">
  <reporter-output>
  </reporter-output>
  <suite started-at="2024-10-20T18:42:49Z" name="Default suite" finished-at="2024-10-20T18:42:51Z" duration-ms="2479">
    <groups>
    </groups>
    <test started-at="2024-10-20T18:42:49Z" name="Default test" finished-at="2024-10-20T18:42:51Z" duration-ms="2479">
      <class name="com.saucedemo.qa.testcases.SauceDemoLoginPageTest">
        <test-method is-config="true" signature="setUp()[pri:0, instance:com.saucedemo.qa.testcases.SauceDemoLoginPageTest@53fb3dab]" started-at="2024-10-21T00:42:49Z" name="setUp" finished-at="2024-10-21T00:42:50Z" duration-ms="1091" status="PASS">
          <reporter-output>
          </reporter-output>
        </test-method> <!-- setUp -->
        <test-method signature="loginPageTitleTest()[pri:1, instance:com.saucedemo.qa.testcases.SauceDemoLoginPageTest@53fb3dab]" started-at="2024-10-21T00:42:50Z" name="loginPageTitleTest" finished-at="2024-10-21T00:42:50Z" duration-ms="198" status="PASS">
          <reporter-output>
          </reporter-output>
        </test-method> <!-- loginPageTitleTest -->
        <test-method is-config="true" signature="tearDown()[pri:0, instance:com.saucedemo.qa.testcases.SauceDemoLoginPageTest@53fb3dab]" started-at="2024-10-21T00:42:50Z" name="tearDown" finished-at="2024-10-21T00:42:50Z" duration-ms="99" status="PASS">
          <reporter-output>
          </reporter-output>
        </test-method> <!-- tearDown -->
        <test-method is-config="true" signature="setUp()[pri:0, instance:com.saucedemo.qa.testcases.SauceDemoLoginPageTest@53fb3dab]" started-at="2024-10-21T00:42:50Z" name="setUp" finished-at="2024-10-21T00:42:51Z" duration-ms="887" status="PASS">
          <reporter-output>
          </reporter-output>
        </test-method> <!-- setUp -->
        <test-method signature="robotLogoImageTest()[pri:2, instance:com.saucedemo.qa.testcases.SauceDemoLoginPageTest@53fb3dab]" started-at="2024-10-21T00:42:51Z" name="robotLogoImageTest" finished-at="2024-10-21T00:42:51Z" duration-ms="115" status="PASS">
          <reporter-output>
          </reporter-output>
        </test-method> <!-- robotLogoImageTest -->
        <test-method is-config="true" signature="tearDown()[pri:0, instance:com.saucedemo.qa.testcases.SauceDemoLoginPageTest@53fb3dab]" started-at="2024-10-21T00:42:51Z" name="tearDown" finished-at="2024-10-21T00:42:51Z" duration-ms="80" status="PASS">
          <reporter-output>
          </reporter-output>
        </test-method> <!-- tearDown -->
      </class> <!-- com.saucedemo.qa.testcases.SauceDemoLoginPageTest -->
    </test> <!-- Default test -->
  </suite> <!-- Default suite -->
</testng-results>
